d:\dev\p4 workspace\dev\visual studio projects\vrprojects\vrtemplate\x64\release\vc140.pdb
d:\dev\p4 workspace\dev\visual studio projects\vrprojects\vrtemplate\x64\release\loadmesh.obj
d:\dev\p4 workspace\dev\visual studio projects\vrprojects\vrtemplate\x64\release\cube.obj
d:\dev\p4 workspace\dev\visual studio projects\vrprojects\vrtemplate\x64\release\vrteleporter.obj
d:\dev\p4 workspace\dev\visual studio projects\vrprojects\vrtemplate\x64\release\vrpointer.obj
d:\dev\p4 workspace\dev\visual studio projects\vrprojects\vrtemplate\x64\release\vrmanipulator.obj
d:\dev\p4 workspace\dev\visual studio projects\vrprojects\vrtemplate\x64\release\vrhandler.obj
d:\dev\p4 workspace\dev\visual studio projects\vrprojects\vrtemplate\x64\release\vrcontrollers.obj
d:\dev\p4 workspace\dev\visual studio projects\vrprojects\vrtemplate\x64\release\trackedcamera.obj
d:\dev\p4 workspace\dev\visual studio projects\vrprojects\vrtemplate\x64\release\skynode.obj
d:\dev\p4 workspace\dev\visual studio projects\vrprojects\vrtemplate\x64\release\shadowmappass.obj
d:\dev\p4 workspace\dev\visual studio projects\vrprojects\vrtemplate\x64\release\scenevisitor.obj
d:\dev\p4 workspace\dev\visual studio projects\vrprojects\vrtemplate\x64\release\scenenode.obj
d:\dev\p4 workspace\dev\visual studio projects\vrprojects\vrtemplate\x64\release\rendernode.obj
d:\dev\p4 workspace\dev\visual studio projects\vrprojects\vrtemplate\x64\release\picker.obj
d:\dev\p4 workspace\dev\visual studio projects\vrprojects\vrtemplate\x64\release\meshnode.obj
d:\dev\p4 workspace\dev\visual studio projects\vrprojects\vrtemplate\x64\release\imgui_impl_vr.obj
d:\dev\p4 workspace\dev\visual studio projects\vrprojects\vrtemplate\x64\release\imgui_draw_3d.obj
d:\dev\p4 workspace\dev\visual studio projects\vrprojects\vrtemplate\x64\release\groundnode.obj
d:\dev\p4 workspace\dev\visual studio projects\vrprojects\vrtemplate\x64\release\controller.obj
d:\dev\p4 workspace\dev\visual studio projects\vrprojects\vrtemplate\x64\release\component.obj
d:\dev\p4 workspace\dev\visual studio projects\vrprojects\vrtemplate\x64\release\vrscene3dgui.obj
d:\dev\p4 workspace\dev\visual studio projects\vrprojects\vrtemplate\x64\release\vrscene.obj
d:\dev\p4 workspace\dev\visual studio projects\vrprojects\vrtemplate\x64\release\sceneevent.obj
d:\dev\p4 workspace\dev\visual studio projects\vrprojects\vrtemplate\x64\release\loadassets.obj
d:\dev\p4 workspace\dev\visual studio projects\vrprojects\vrtemplate\x64\release\controllerui.obj
d:\dev\p4 workspace\dev\visual studio projects\vrprojects\vrtemplate\x64\release\audio.obj
d:\dev\p4 workspace\dev\visual studio projects\vrprojects\vrtemplate\x64\release\imgui_draw.obj
d:\dev\p4 workspace\dev\visual studio projects\vrprojects\vrtemplate\x64\release\imgui_demo.obj
d:\dev\p4 workspace\dev\visual studio projects\vrprojects\vrtemplate\x64\release\imgui.obj
d:\dev\p4 workspace\dev\visual studio projects\vrprojects\vrtemplate\x64\release\imgui_impl_glfw_gl3.obj
d:\dev\p4 workspace\dev\visual studio projects\vrprojects\vrtemplate\x64\release\videomux.obj
d:\dev\p4 workspace\dev\visual studio projects\vrprojects\vrtemplate\x64\release\quad.obj
d:\dev\p4 workspace\dev\visual studio projects\vrprojects\vrtemplate\x64\release\observer.obj
d:\dev\p4 workspace\dev\visual studio projects\vrprojects\vrtemplate\x64\release\main.obj
d:\dev\p4 workspace\dev\visual studio projects\vrprojects\vrtemplate\x64\release\loadtexture.obj
d:\dev\p4 workspace\dev\visual studio projects\vrprojects\vrtemplate\x64\release\loadshader.obj
d:\dev\p4 workspace\dev\visual studio projects\vrprojects\vrtemplate\x64\release\vrtemplate.exe
d:\dev\p4 workspace\dev\visual studio projects\vrprojects\vrtemplate\x64\release\vrtemplate.ipdb
d:\dev\p4 workspace\dev\visual studio projects\vrprojects\vrtemplate\x64\release\vrtemplate.iobj
d:\dev\p4 workspace\dev\visual studio projects\vrprojects\vrtemplate\x64\release\vrtemplate.pdb
d:\dev\p4 workspace\dev\visual studio projects\vrprojects\vrtemplate\x64\release\vrtemplate.tlog\cl.command.1.tlog
d:\dev\p4 workspace\dev\visual studio projects\vrprojects\vrtemplate\x64\release\vrtemplate.tlog\cl.read.1.tlog
d:\dev\p4 workspace\dev\visual studio projects\vrprojects\vrtemplate\x64\release\vrtemplate.tlog\cl.write.1.tlog
d:\dev\p4 workspace\dev\visual studio projects\vrprojects\vrtemplate\x64\release\vrtemplate.tlog\link.command.1.tlog
d:\dev\p4 workspace\dev\visual studio projects\vrprojects\vrtemplate\x64\release\vrtemplate.tlog\link.read.1.tlog
d:\dev\p4 workspace\dev\visual studio projects\vrprojects\vrtemplate\x64\release\vrtemplate.tlog\link.write.1.tlog
